Start testing: Mar 09 15:49 CET
----------------------------------------------------------
1/1 Testing: test1
1/1 Test: test1
Command: "/home/tomasz/Documents/Studia/PAMSI/Projekt1/Stos/build/test1" "/test1_data.txt"
Directory: /home/tomasz/Documents/Studia/PAMSI/Projekt1/Stos/build
"test1" start time: Mar 09 15:49 CET
Output:
----------------------------------------------------------
<end of output>
Test time =   0.00 sec
----------------------------------------------------------
Test Passed.
"test1" end time: Mar 09 15:49 CET
"test1" time elapsed: 00:00:00
----------------------------------------------------------

End testing: Mar 09 15:49 CET
